0 info it worked if it ends with ok
1 verbose cli [ '/usr/local/bin/node',
1 verbose cli   '/usr/local/lib/node_modules/cnpm/node_modules/.bin/npm',
1 verbose cli   '--userconfig=/Users/yhtml5/.cnpmrc',
1 verbose cli   '--disturl=https://npm.taobao.org/mirrors/node',
1 verbose cli   '--cache=/Users/yhtml5/.cnpm',
1 verbose cli   '--registry=https://registry.npm.taobao.org',
1 verbose cli   '--node-gyp=/usr/local/lib/node_modules/cnpm/node_modules/node-gyp/bin/node-gyp.js',
1 verbose cli   'install',
1 verbose cli   'fis3-postprocessor-jswrapper',
1 verbose cli   '-g' ]
2 info using npm@2.14.22
3 info using node@v4.3.2
4 verbose install initial load of /usr/local/lib/package.json
5 verbose readDependencies loading dependencies from /usr/local/lib/package.json
6 silly cache add args [ 'fis3-postprocessor-jswrapper', null ]
7 verbose cache add spec fis3-postprocessor-jswrapper
8 silly cache add parsed spec Result {
8 silly cache add   raw: 'fis3-postprocessor-jswrapper',
8 silly cache add   scope: null,
8 silly cache add   name: 'fis3-postprocessor-jswrapper',
8 silly cache add   rawSpec: '',
8 silly cache add   spec: 'latest',
8 silly cache add   type: 'tag' }
9 silly addNamed fis3-postprocessor-jswrapper@latest
10 verbose addNamed "latest" is being treated as a dist-tag for fis3-postprocessor-jswrapper
11 info addNameTag [ 'fis3-postprocessor-jswrapper', 'latest' ]
12 silly mapToRegistry name fis3-postprocessor-jswrapper
13 silly mapToRegistry using default registry
14 silly mapToRegistry registry https://registry.npm.taobao.org/
15 silly mapToRegistry uri https://registry.npm.taobao.org/fis3-postprocessor-jswrapper
16 verbose addNameTag registry:https://registry.npm.taobao.org/fis3-postprocessor-jswrapper not in flight; fetching
17 verbose request uri https://registry.npm.taobao.org/fis3-postprocessor-jswrapper
18 verbose request no auth needed
19 info attempt registry request try #1 at 17:36:27
20 verbose request id b11350428e42085c
21 http request GET https://registry.npm.taobao.org/fis3-postprocessor-jswrapper
22 http 404 https://registry.npm.taobao.org/fis3-postprocessor-jswrapper
23 verbose headers { 'content-type': 'application/json',
23 verbose headers   'cache-control': 'max-age=0',
23 verbose headers   'content-length': '2',
23 verbose headers   'accept-ranges': 'bytes',
23 verbose headers   date: 'Wed, 09 Mar 2016 09:36:34 GMT',
23 verbose headers   via: '1.1 varnish',
23 verbose headers   age: '0',
23 verbose headers   connection: 'keep-alive',
23 verbose headers   'x-served-by': 'cache-sjc3622-SJC',
23 verbose headers   'x-cache': 'MISS',
23 verbose headers   'x-cache-hits': '0',
23 verbose headers   'x-timer': 'S1457516194.227632,VS0,VE173' }
24 silly get cb [ 404,
24 silly get   { 'content-type': 'application/json',
24 silly get     'cache-control': 'max-age=0',
24 silly get     'content-length': '2',
24 silly get     'accept-ranges': 'bytes',
24 silly get     date: 'Wed, 09 Mar 2016 09:36:34 GMT',
24 silly get     via: '1.1 varnish',
24 silly get     age: '0',
24 silly get     connection: 'keep-alive',
24 silly get     'x-served-by': 'cache-sjc3622-SJC',
24 silly get     'x-cache': 'MISS',
24 silly get     'x-cache-hits': '0',
24 silly get     'x-timer': 'S1457516194.227632,VS0,VE173' } ]
25 verbose stack Error: Registry returned 404 for GET on https://registry.npm.taobao.org/fis3-postprocessor-jswrapper
25 verbose stack     at makeError (/usr/local/lib/node_modules/cnpm/node_modules/npm/node_modules/npm-registry-client/lib/request.js:264:12)
25 verbose stack     at CachingRegistryClient.<anonymous> (/usr/local/lib/node_modules/cnpm/node_modules/npm/node_modules/npm-registry-client/lib/request.js:242:14)
25 verbose stack     at Request._callback (/usr/local/lib/node_modules/cnpm/node_modules/npm/node_modules/npm-registry-client/lib/request.js:172:14)
25 verbose stack     at Request.self.callback (/usr/local/lib/node_modules/cnpm/node_modules/npm/node_modules/request/request.js:199:22)
25 verbose stack     at emitTwo (events.js:87:13)
25 verbose stack     at Request.emit (events.js:172:7)
25 verbose stack     at Request.<anonymous> (/usr/local/lib/node_modules/cnpm/node_modules/npm/node_modules/request/request.js:1036:10)
25 verbose stack     at emitOne (events.js:82:20)
25 verbose stack     at Request.emit (events.js:169:7)
25 verbose stack     at IncomingMessage.<anonymous> (/usr/local/lib/node_modules/cnpm/node_modules/npm/node_modules/request/request.js:963:12)
26 verbose statusCode 404
27 verbose pkgid fis3-postprocessor-jswrapper
28 verbose cwd /Users/yhtml5/github/YHTML5-WEB/sdk-console/development
29 error Darwin 15.3.0
30 error argv "/usr/local/bin/node" "/usr/local/lib/node_modules/cnpm/node_modules/.bin/npm" "--userconfig=/Users/yhtml5/.cnpmrc" "--disturl=https://npm.taobao.org/mirrors/node" "--cache=/Users/yhtml5/.cnpm" "--registry=https://registry.npm.taobao.org" "--node-gyp=/usr/local/lib/node_modules/cnpm/node_modules/node-gyp/bin/node-gyp.js" "install" "fis3-postprocessor-jswrapper" "-g"
31 error node v4.3.2
32 error npm  v2.14.22
33 error code E404
34 error 404 Registry returned 404 for GET on https://registry.npm.taobao.org/fis3-postprocessor-jswrapper
34 error 404
34 error 404 'fis3-postprocessor-jswrapper' is not in the npm registry.
34 error 404 You should bug the author to publish it (or use the name yourself!)
34 error 404
34 error 404 Note that you can also install from a
34 error 404 tarball, folder, http url, or git url.
35 verbose exit [ 1, true ]
